<?xml version="1.0" encoding="UTF-8"?>
<!-- Generated by org.testng.reporters.JUnitReportReporter -->
<testsuite hostname="supports-MacBook-Pro.local" name="com.mycompany.newseleniumtest.c_testing" tests="1" failures="0" timestamp="6 Apr 2017 07:00:54 GMT" time="5.879" errors="0">
  <testcase name="search_c" time="5.879" classname="com.mycompany.newseleniumtest.c_testing"/>
</testsuite> <!-- com.mycompany.newseleniumtest.c_testing -->
